---------- Date: 2013-02-06 18:12:04 ~ IP : 127.0.0.1 ----------
REQUEST URI : /
MOD DETAILS:
   modFile   : /home/dmitry/st.whidofit.ru/vqmod/xml/all_in_one.xml
   id        : oc-modules-folder
   version   : 0.0.1alpha
   vqmver    : 2.1.5-opencart
   author    : @horechek
SEARCH NOT FOUND (ABORTING MOD): if (is_file(DIR_APPLICATION . 'controller/' . str_replace('../', '', $path) . '.php')) {

----------------------------------------------------------------------


---------- Date: 2013-02-06 18:12:08 ~ IP : 127.0.0.1 ----------
REQUEST URI : /index.php?route=product/category&amp;path=20
MOD DETAILS:
   modFile   : /home/dmitry/st.whidofit.ru/vqmod/xml/all_in_one.xml
   id        : oc-modules-folder
   version   : 0.0.1alpha
   vqmver    : 2.1.5-opencart
   author    : @horechek
SEARCH NOT FOUND (ABORTING MOD): if (is_file(DIR_APPLICATION . 'controller/' . str_replace('../', '', $path) . '.php')) {

----------------------------------------------------------------------


---------- Date: 2013-02-06 18:12:11 ~ IP : 127.0.0.1 ----------
REQUEST URI : /index.php?route=product/product&amp;path=20&amp;product_id=42
MOD DETAILS:
   modFile   : /home/dmitry/st.whidofit.ru/vqmod/xml/all_in_one.xml
   id        : oc-modules-folder
   version   : 0.0.1alpha
   vqmver    : 2.1.5-opencart
   author    : @horechek
SEARCH NOT FOUND (ABORTING MOD): if (is_file(DIR_APPLICATION . 'controller/' . str_replace('../', '', $path) . '.php')) {

----------------------------------------------------------------------


---------- Date: 2013-02-06 18:13:55 ~ IP : 127.0.0.1 ----------
REQUEST URI : /index.php?route=product/product&amp;path=20&amp;product_id=42
MOD DETAILS:
   modFile   : /home/dmitry/st.whidofit.ru/vqmod/xml/all_in_one.xml
   id        : oc-modules-folder
   version   : 0.0.1alpha
   vqmver    : 2.1.5-opencart
   author    : @horechek
SEARCH NOT FOUND (ABORTING MOD): if (is_file(DIR_APPLICATION . 'controller/' . str_replace('../', '', $path) . '.php')) {

----------------------------------------------------------------------


---------- Date: 2013-02-06 18:13:57 ~ IP : 127.0.0.1 ----------
REQUEST URI : /index.php?route=checkout/cart/add
MOD DETAILS:
   modFile   : /home/dmitry/st.whidofit.ru/vqmod/xml/all_in_one.xml
   id        : oc-modules-folder
   version   : 0.0.1alpha
   vqmver    : 2.1.5-opencart
   author    : @horechek
SEARCH NOT FOUND (ABORTING MOD): if (is_file(DIR_APPLICATION . 'controller/' . str_replace('../', '', $path) . '.php')) {

----------------------------------------------------------------------


---------- Date: 2013-02-06 18:13:59 ~ IP : 127.0.0.1 ----------
REQUEST URI : /index.php?route=product/product&amp;path=20&amp;product_id=42
MOD DETAILS:
   modFile   : /home/dmitry/st.whidofit.ru/vqmod/xml/all_in_one.xml
   id        : oc-modules-folder
   version   : 0.0.1alpha
   vqmver    : 2.1.5-opencart
   author    : @horechek
SEARCH NOT FOUND (ABORTING MOD): if (is_file(DIR_APPLICATION . 'controller/' . str_replace('../', '', $path) . '.php')) {

----------------------------------------------------------------------


---------- Date: 2013-02-06 18:14:08 ~ IP : 127.0.0.1 ----------
REQUEST URI : /index.php?route=module/cart&amp;remove=42:YToyOntpOjIxODtzOjE6IjUiO2k6MjE3O3M6MToiNCI7fQ==
MOD DETAILS:
   modFile   : /home/dmitry/st.whidofit.ru/vqmod/xml/all_in_one.xml
   id        : oc-modules-folder
   version   : 0.0.1alpha
   vqmver    : 2.1.5-opencart
   author    : @horechek
SEARCH NOT FOUND (ABORTING MOD): if (is_file(DIR_APPLICATION . 'controller/' . str_replace('../', '', $path) . '.php')) {

----------------------------------------------------------------------


---------- Date: 2013-02-06 18:14:11 ~ IP : 127.0.0.1 ----------
REQUEST URI : /index.php?route=product/product&amp;path=20&amp;product_id=42
MOD DETAILS:
   modFile   : /home/dmitry/st.whidofit.ru/vqmod/xml/all_in_one.xml
   id        : oc-modules-folder
   version   : 0.0.1alpha
   vqmver    : 2.1.5-opencart
   author    : @horechek
SEARCH NOT FOUND (ABORTING MOD): if (is_file(DIR_APPLICATION . 'controller/' . str_replace('../', '', $path) . '.php')) {

----------------------------------------------------------------------


---------- Date: 2013-02-06 18:14:15 ~ IP : 127.0.0.1 ----------
REQUEST URI : /index.php?route=checkout/cart/add
MOD DETAILS:
   modFile   : /home/dmitry/st.whidofit.ru/vqmod/xml/all_in_one.xml
   id        : oc-modules-folder
   version   : 0.0.1alpha
   vqmver    : 2.1.5-opencart
   author    : @horechek
SEARCH NOT FOUND (ABORTING MOD): if (is_file(DIR_APPLICATION . 'controller/' . str_replace('../', '', $path) . '.php')) {

----------------------------------------------------------------------


---------- Date: 2013-02-06 18:14:18 ~ IP : 127.0.0.1 ----------
REQUEST URI : /index.php?route=checkout/cart/add
MOD DETAILS:
   modFile   : /home/dmitry/st.whidofit.ru/vqmod/xml/all_in_one.xml
   id        : oc-modules-folder
   version   : 0.0.1alpha
   vqmver    : 2.1.5-opencart
   author    : @horechek
SEARCH NOT FOUND (ABORTING MOD): if (is_file(DIR_APPLICATION . 'controller/' . str_replace('../', '', $path) . '.php')) {

----------------------------------------------------------------------


---------- Date: 2013-02-06 18:18:59 ~ IP : 127.0.0.1 ----------
REQUEST URI : /index.php?route=product/product&amp;path=20&amp;product_id=42
MOD DETAILS:
   modFile   : /home/dmitry/st.whidofit.ru/vqmod/xml/all_in_one.xml
   id        : oc-modules-folder
   version   : 0.0.1alpha
   vqmver    : 2.1.5-opencart
   author    : @horechek
SEARCH NOT FOUND (ABORTING MOD): if (is_file(DIR_APPLICATION . 'controller/' . str_replace('../', '', $path) . '.php')) {

----------------------------------------------------------------------


---------- Date: 2013-02-06 18:19:03 ~ IP : 127.0.0.1 ----------
REQUEST URI : /index.php?route=checkout/cart/add
MOD DETAILS:
   modFile   : /home/dmitry/st.whidofit.ru/vqmod/xml/all_in_one.xml
   id        : oc-modules-folder
   version   : 0.0.1alpha
   vqmver    : 2.1.5-opencart
   author    : @horechek
SEARCH NOT FOUND (ABORTING MOD): if (is_file(DIR_APPLICATION . 'controller/' . str_replace('../', '', $path) . '.php')) {

----------------------------------------------------------------------


---------- Date: 2013-02-06 18:19:05 ~ IP : 127.0.0.1 ----------
REQUEST URI : /index.php?route=checkout/cart/add
MOD DETAILS:
   modFile   : /home/dmitry/st.whidofit.ru/vqmod/xml/all_in_one.xml
   id        : oc-modules-folder
   version   : 0.0.1alpha
   vqmver    : 2.1.5-opencart
   author    : @horechek
SEARCH NOT FOUND (ABORTING MOD): if (is_file(DIR_APPLICATION . 'controller/' . str_replace('../', '', $path) . '.php')) {

----------------------------------------------------------------------


---------- Date: 2013-02-06 18:19:07 ~ IP : 127.0.0.1 ----------
REQUEST URI : /index.php?route=checkout/cart/add
MOD DETAILS:
   modFile   : /home/dmitry/st.whidofit.ru/vqmod/xml/all_in_one.xml
   id        : oc-modules-folder
   version   : 0.0.1alpha
   vqmver    : 2.1.5-opencart
   author    : @horechek
SEARCH NOT FOUND (ABORTING MOD): if (is_file(DIR_APPLICATION . 'controller/' . str_replace('../', '', $path) . '.php')) {

----------------------------------------------------------------------


---------- Date: 2013-02-06 18:19:11 ~ IP : 127.0.0.1 ----------
REQUEST URI : /index.php?route=module/cart&amp;remove=42:YToyOntpOjIxODtzOjE6IjUiO2k6MjE3O3M6MToiNCI7fQ==
MOD DETAILS:
   modFile   : /home/dmitry/st.whidofit.ru/vqmod/xml/all_in_one.xml
   id        : oc-modules-folder
   version   : 0.0.1alpha
   vqmver    : 2.1.5-opencart
   author    : @horechek
SEARCH NOT FOUND (ABORTING MOD): if (is_file(DIR_APPLICATION . 'controller/' . str_replace('../', '', $path) . '.php')) {

----------------------------------------------------------------------


---------- Date: 2013-02-06 18:19:13 ~ IP : 127.0.0.1 ----------
REQUEST URI : /index.php?route=product/product&amp;path=20&amp;product_id=42
MOD DETAILS:
   modFile   : /home/dmitry/st.whidofit.ru/vqmod/xml/all_in_one.xml
   id        : oc-modules-folder
   version   : 0.0.1alpha
   vqmver    : 2.1.5-opencart
   author    : @horechek
SEARCH NOT FOUND (ABORTING MOD): if (is_file(DIR_APPLICATION . 'controller/' . str_replace('../', '', $path) . '.php')) {

----------------------------------------------------------------------


---------- Date: 2013-02-06 18:19:15 ~ IP : 127.0.0.1 ----------
REQUEST URI : /index.php?route=checkout/cart/add
MOD DETAILS:
   modFile   : /home/dmitry/st.whidofit.ru/vqmod/xml/all_in_one.xml
   id        : oc-modules-folder
   version   : 0.0.1alpha
   vqmver    : 2.1.5-opencart
   author    : @horechek
SEARCH NOT FOUND (ABORTING MOD): if (is_file(DIR_APPLICATION . 'controller/' . str_replace('../', '', $path) . '.php')) {

----------------------------------------------------------------------


---------- Date: 2013-02-06 18:19:16 ~ IP : 127.0.0.1 ----------
REQUEST URI : /index.php?route=checkout/cart/add
MOD DETAILS:
   modFile   : /home/dmitry/st.whidofit.ru/vqmod/xml/all_in_one.xml
   id        : oc-modules-folder
   version   : 0.0.1alpha
   vqmver    : 2.1.5-opencart
   author    : @horechek
SEARCH NOT FOUND (ABORTING MOD): if (is_file(DIR_APPLICATION . 'controller/' . str_replace('../', '', $path) . '.php')) {

----------------------------------------------------------------------


---------- Date: 2013-02-06 18:19:17 ~ IP : 127.0.0.1 ----------
REQUEST URI : /index.php?route=checkout/cart/add
MOD DETAILS:
   modFile   : /home/dmitry/st.whidofit.ru/vqmod/xml/all_in_one.xml
   id        : oc-modules-folder
   version   : 0.0.1alpha
   vqmver    : 2.1.5-opencart
   author    : @horechek
SEARCH NOT FOUND (ABORTING MOD): if (is_file(DIR_APPLICATION . 'controller/' . str_replace('../', '', $path) . '.php')) {

----------------------------------------------------------------------


---------- Date: 2013-02-06 18:19:17 ~ IP : 127.0.0.1 ----------
REQUEST URI : /index.php?route=checkout/cart/add
MOD DETAILS:
   modFile   : /home/dmitry/st.whidofit.ru/vqmod/xml/all_in_one.xml
   id        : oc-modules-folder
   version   : 0.0.1alpha
   vqmver    : 2.1.5-opencart
   author    : @horechek
SEARCH NOT FOUND (ABORTING MOD): if (is_file(DIR_APPLICATION . 'controller/' . str_replace('../', '', $path) . '.php')) {

----------------------------------------------------------------------


---------- Date: 2013-02-06 18:19:17 ~ IP : 127.0.0.1 ----------
REQUEST URI : /index.php?route=checkout/cart/add
MOD DETAILS:
   modFile   : /home/dmitry/st.whidofit.ru/vqmod/xml/all_in_one.xml
   id        : oc-modules-folder
   version   : 0.0.1alpha
   vqmver    : 2.1.5-opencart
   author    : @horechek
SEARCH NOT FOUND (ABORTING MOD): if (is_file(DIR_APPLICATION . 'controller/' . str_replace('../', '', $path) . '.php')) {

----------------------------------------------------------------------


---------- Date: 2013-02-06 18:19:17 ~ IP : 127.0.0.1 ----------
REQUEST URI : /index.php?route=checkout/cart/add
MOD DETAILS:
   modFile   : /home/dmitry/st.whidofit.ru/vqmod/xml/all_in_one.xml
   id        : oc-modules-folder
   version   : 0.0.1alpha
   vqmver    : 2.1.5-opencart
   author    : @horechek
SEARCH NOT FOUND (ABORTING MOD): if (is_file(DIR_APPLICATION . 'controller/' . str_replace('../', '', $path) . '.php')) {

----------------------------------------------------------------------


---------- Date: 2013-02-06 18:19:18 ~ IP : 127.0.0.1 ----------
REQUEST URI : /index.php?route=checkout/cart/add
MOD DETAILS:
   modFile   : /home/dmitry/st.whidofit.ru/vqmod/xml/all_in_one.xml
   id        : oc-modules-folder
   version   : 0.0.1alpha
   vqmver    : 2.1.5-opencart
   author    : @horechek
SEARCH NOT FOUND (ABORTING MOD): if (is_file(DIR_APPLICATION . 'controller/' . str_replace('../', '', $path) . '.php')) {

----------------------------------------------------------------------


---------- Date: 2013-02-06 18:19:18 ~ IP : 127.0.0.1 ----------
REQUEST URI : /index.php?route=checkout/cart/add
MOD DETAILS:
   modFile   : /home/dmitry/st.whidofit.ru/vqmod/xml/all_in_one.xml
   id        : oc-modules-folder
   version   : 0.0.1alpha
   vqmver    : 2.1.5-opencart
   author    : @horechek
SEARCH NOT FOUND (ABORTING MOD): if (is_file(DIR_APPLICATION . 'controller/' . str_replace('../', '', $path) . '.php')) {

----------------------------------------------------------------------


---------- Date: 2013-02-06 18:22:10 ~ IP : 127.0.0.1 ----------
REQUEST URI : /index.php?route=product/product&amp;path=20&amp;product_id=42
MOD DETAILS:
   modFile   : /home/dmitry/st.whidofit.ru/vqmod/xml/all_in_one.xml
   id        : oc-modules-folder
   version   : 0.0.1alpha
   vqmver    : 2.1.5-opencart
   author    : @horechek
SEARCH NOT FOUND (ABORTING MOD): if (is_file(DIR_APPLICATION . 'controller/' . str_replace('../', '', $path) . '.php')) {

----------------------------------------------------------------------


---------- Date: 2013-02-06 18:22:21 ~ IP : 127.0.0.1 ----------
REQUEST URI : /index.php?route=product/product&amp;path=20&amp;product_id=42
MOD DETAILS:
   modFile   : /home/dmitry/st.whidofit.ru/vqmod/xml/all_in_one.xml
   id        : oc-modules-folder
   version   : 0.0.1alpha
   vqmver    : 2.1.5-opencart
   author    : @horechek
SEARCH NOT FOUND (ABORTING MOD): if (is_file(DIR_APPLICATION . 'controller/' . str_replace('../', '', $path) . '.php')) {

----------------------------------------------------------------------


---------- Date: 2013-02-06 18:23:02 ~ IP : 127.0.0.1 ----------
REQUEST URI : /index.php?route=checkout/cart/add
MOD DETAILS:
   modFile   : /home/dmitry/st.whidofit.ru/vqmod/xml/all_in_one.xml
   id        : oc-modules-folder
   version   : 0.0.1alpha
   vqmver    : 2.1.5-opencart
   author    : @horechek
SEARCH NOT FOUND (ABORTING MOD): if (is_file(DIR_APPLICATION . 'controller/' . str_replace('../', '', $path) . '.php')) {

----------------------------------------------------------------------


---------- Date: 2013-02-06 18:23:03 ~ IP : 127.0.0.1 ----------
REQUEST URI : /index.php?route=checkout/cart/add
MOD DETAILS:
   modFile   : /home/dmitry/st.whidofit.ru/vqmod/xml/all_in_one.xml
   id        : oc-modules-folder
   version   : 0.0.1alpha
   vqmver    : 2.1.5-opencart
   author    : @horechek
SEARCH NOT FOUND (ABORTING MOD): if (is_file(DIR_APPLICATION . 'controller/' . str_replace('../', '', $path) . '.php')) {

----------------------------------------------------------------------


---------- Date: 2013-02-06 18:23:03 ~ IP : 127.0.0.1 ----------
REQUEST URI : /index.php?route=checkout/cart/add
MOD DETAILS:
   modFile   : /home/dmitry/st.whidofit.ru/vqmod/xml/all_in_one.xml
   id        : oc-modules-folder
   version   : 0.0.1alpha
   vqmver    : 2.1.5-opencart
   author    : @horechek
SEARCH NOT FOUND (ABORTING MOD): if (is_file(DIR_APPLICATION . 'controller/' . str_replace('../', '', $path) . '.php')) {

----------------------------------------------------------------------


---------- Date: 2013-02-06 18:23:04 ~ IP : 127.0.0.1 ----------
REQUEST URI : /index.php?route=checkout/cart/add
MOD DETAILS:
   modFile   : /home/dmitry/st.whidofit.ru/vqmod/xml/all_in_one.xml
   id        : oc-modules-folder
   version   : 0.0.1alpha
   vqmver    : 2.1.5-opencart
   author    : @horechek
SEARCH NOT FOUND (ABORTING MOD): if (is_file(DIR_APPLICATION . 'controller/' . str_replace('../', '', $path) . '.php')) {

----------------------------------------------------------------------


---------- Date: 2013-02-06 18:23:04 ~ IP : 127.0.0.1 ----------
REQUEST URI : /index.php?route=checkout/cart/add
MOD DETAILS:
   modFile   : /home/dmitry/st.whidofit.ru/vqmod/xml/all_in_one.xml
   id        : oc-modules-folder
   version   : 0.0.1alpha
   vqmver    : 2.1.5-opencart
   author    : @horechek
SEARCH NOT FOUND (ABORTING MOD): if (is_file(DIR_APPLICATION . 'controller/' . str_replace('../', '', $path) . '.php')) {

----------------------------------------------------------------------


---------- Date: 2013-02-06 18:23:07 ~ IP : 127.0.0.1 ----------
REQUEST URI : /index.php?route=product/product&amp;product_id=41
MOD DETAILS:
   modFile   : /home/dmitry/st.whidofit.ru/vqmod/xml/all_in_one.xml
   id        : oc-modules-folder
   version   : 0.0.1alpha
   vqmver    : 2.1.5-opencart
   author    : @horechek
SEARCH NOT FOUND (ABORTING MOD): if (is_file(DIR_APPLICATION . 'controller/' . str_replace('../', '', $path) . '.php')) {

----------------------------------------------------------------------


---------- Date: 2013-02-06 18:23:08 ~ IP : 127.0.0.1 ----------
REQUEST URI : /index.php?route=checkout/cart/add
MOD DETAILS:
   modFile   : /home/dmitry/st.whidofit.ru/vqmod/xml/all_in_one.xml
   id        : oc-modules-folder
   version   : 0.0.1alpha
   vqmver    : 2.1.5-opencart
   author    : @horechek
SEARCH NOT FOUND (ABORTING MOD): if (is_file(DIR_APPLICATION . 'controller/' . str_replace('../', '', $path) . '.php')) {

----------------------------------------------------------------------


---------- Date: 2013-02-06 18:23:11 ~ IP : 127.0.0.1 ----------
REQUEST URI : /index.php?route=checkout/cart/add
MOD DETAILS:
   modFile   : /home/dmitry/st.whidofit.ru/vqmod/xml/all_in_one.xml
   id        : oc-modules-folder
   version   : 0.0.1alpha
   vqmver    : 2.1.5-opencart
   author    : @horechek
SEARCH NOT FOUND (ABORTING MOD): if (is_file(DIR_APPLICATION . 'controller/' . str_replace('../', '', $path) . '.php')) {

----------------------------------------------------------------------


---------- Date: 2013-02-06 18:23:15 ~ IP : 127.0.0.1 ----------
REQUEST URI : /index.php?route=common/home
MOD DETAILS:
   modFile   : /home/dmitry/st.whidofit.ru/vqmod/xml/all_in_one.xml
   id        : oc-modules-folder
   version   : 0.0.1alpha
   vqmver    : 2.1.5-opencart
   author    : @horechek
SEARCH NOT FOUND (ABORTING MOD): if (is_file(DIR_APPLICATION . 'controller/' . str_replace('../', '', $path) . '.php')) {

----------------------------------------------------------------------


---------- Date: 2013-02-06 18:23:16 ~ IP : 127.0.0.1 ----------
REQUEST URI : /index.php?route=product/category&amp;path=25
MOD DETAILS:
   modFile   : /home/dmitry/st.whidofit.ru/vqmod/xml/all_in_one.xml
   id        : oc-modules-folder
   version   : 0.0.1alpha
   vqmver    : 2.1.5-opencart
   author    : @horechek
SEARCH NOT FOUND (ABORTING MOD): if (is_file(DIR_APPLICATION . 'controller/' . str_replace('../', '', $path) . '.php')) {

----------------------------------------------------------------------


---------- Date: 2013-02-06 18:23:18 ~ IP : 127.0.0.1 ----------
REQUEST URI : /index.php?route=product/category&amp;path=59
MOD DETAILS:
   modFile   : /home/dmitry/st.whidofit.ru/vqmod/xml/all_in_one.xml
   id        : oc-modules-folder
   version   : 0.0.1alpha
   vqmver    : 2.1.5-opencart
   author    : @horechek
SEARCH NOT FOUND (ABORTING MOD): if (is_file(DIR_APPLICATION . 'controller/' . str_replace('../', '', $path) . '.php')) {

----------------------------------------------------------------------


---------- Date: 2013-02-06 18:23:19 ~ IP : 127.0.0.1 ----------
REQUEST URI : /index.php?route=product/category&amp;path=20
MOD DETAILS:
   modFile   : /home/dmitry/st.whidofit.ru/vqmod/xml/all_in_one.xml
   id        : oc-modules-folder
   version   : 0.0.1alpha
   vqmver    : 2.1.5-opencart
   author    : @horechek
SEARCH NOT FOUND (ABORTING MOD): if (is_file(DIR_APPLICATION . 'controller/' . str_replace('../', '', $path) . '.php')) {

----------------------------------------------------------------------


---------- Date: 2013-02-06 18:23:22 ~ IP : 127.0.0.1 ----------
REQUEST URI : /index.php?route=product/product&amp;path=20&amp;product_id=28
MOD DETAILS:
   modFile   : /home/dmitry/st.whidofit.ru/vqmod/xml/all_in_one.xml
   id        : oc-modules-folder
   version   : 0.0.1alpha
   vqmver    : 2.1.5-opencart
   author    : @horechek
SEARCH NOT FOUND (ABORTING MOD): if (is_file(DIR_APPLICATION . 'controller/' . str_replace('../', '', $path) . '.php')) {

----------------------------------------------------------------------


---------- Date: 2013-02-06 18:23:29 ~ IP : 127.0.0.1 ----------
REQUEST URI : /index.php?route=checkout/cart/add
MOD DETAILS:
   modFile   : /home/dmitry/st.whidofit.ru/vqmod/xml/all_in_one.xml
   id        : oc-modules-folder
   version   : 0.0.1alpha
   vqmver    : 2.1.5-opencart
   author    : @horechek
SEARCH NOT FOUND (ABORTING MOD): if (is_file(DIR_APPLICATION . 'controller/' . str_replace('../', '', $path) . '.php')) {

----------------------------------------------------------------------


---------- Date: 2013-02-06 18:24:30 ~ IP : 127.0.0.1 ----------
REQUEST URI : /admin/
MOD DETAILS:
   modFile   : /home/dmitry/st.whidofit.ru/vqmod/xml/all_in_one.xml
   id        : oc-modules-folder
   version   : 0.0.1alpha
   vqmver    : 2.1.5-opencart
   author    : @horechek
SEARCH NOT FOUND (ABORTING MOD): if (is_file(DIR_APPLICATION . 'controller/' . str_replace('../', '', $path) . '.php')) {

----------------------------------------------------------------------


---------- Date: 2013-02-06 18:24:32 ~ IP : 127.0.0.1 ----------
REQUEST URI : /admin/index.php?route=common/login
MOD DETAILS:
   modFile   : /home/dmitry/st.whidofit.ru/vqmod/xml/all_in_one.xml
   id        : oc-modules-folder
   version   : 0.0.1alpha
   vqmver    : 2.1.5-opencart
   author    : @horechek
SEARCH NOT FOUND (ABORTING MOD): if (is_file(DIR_APPLICATION . 'controller/' . str_replace('../', '', $path) . '.php')) {

----------------------------------------------------------------------


---------- Date: 2013-02-06 18:24:32 ~ IP : 127.0.0.1 ----------
REQUEST URI : /admin/index.php?route=common/home&amp;token=b9c783200b526a4d9586e32192257b93
MOD DETAILS:
   modFile   : /home/dmitry/st.whidofit.ru/vqmod/xml/all_in_one.xml
   id        : oc-modules-folder
   version   : 0.0.1alpha
   vqmver    : 2.1.5-opencart
   author    : @horechek
SEARCH NOT FOUND (ABORTING MOD): if (is_file(DIR_APPLICATION . 'controller/' . str_replace('../', '', $path) . '.php')) {

----------------------------------------------------------------------


---------- Date: 2013-02-06 18:24:33 ~ IP : 127.0.0.1 ----------
REQUEST URI : /admin/index.php?route=common/home/chart&amp;token=b9c783200b526a4d9586e32192257b93&amp;range=day
MOD DETAILS:
   modFile   : /home/dmitry/st.whidofit.ru/vqmod/xml/all_in_one.xml
   id        : oc-modules-folder
   version   : 0.0.1alpha
   vqmver    : 2.1.5-opencart
   author    : @horechek
SEARCH NOT FOUND (ABORTING MOD): if (is_file(DIR_APPLICATION . 'controller/' . str_replace('../', '', $path) . '.php')) {

----------------------------------------------------------------------


---------- Date: 2013-02-06 18:24:38 ~ IP : 127.0.0.1 ----------
REQUEST URI : /admin/index.php?route=extension/module&amp;token=b9c783200b526a4d9586e32192257b93
MOD DETAILS:
   modFile   : /home/dmitry/st.whidofit.ru/vqmod/xml/all_in_one.xml
   id        : oc-modules-folder
   version   : 0.0.1alpha
   vqmver    : 2.1.5-opencart
   author    : @horechek
SEARCH NOT FOUND (ABORTING MOD): if (is_file(DIR_APPLICATION . 'controller/' . str_replace('../', '', $path) . '.php')) {

----------------------------------------------------------------------


---------- Date: 2013-02-06 18:25:29 ~ IP : 127.0.0.1 ----------
REQUEST URI : /admin/index.php?route=module/LargeCategory&amp;token=b9c783200b526a4d9586e32192257b93
MOD DETAILS:
   modFile   : /home/dmitry/st.whidofit.ru/vqmod/xml/all_in_one.xml
   id        : oc-modules-folder
   version   : 0.0.1alpha
   vqmver    : 2.1.5-opencart
   author    : @horechek
SEARCH NOT FOUND (ABORTING MOD): if (is_file(DIR_APPLICATION . 'controller/' . str_replace('../', '', $path) . '.php')) {

----------------------------------------------------------------------


---------- Date: 2013-02-06 18:26:04 ~ IP : 127.0.0.1 ----------
REQUEST URI : /admin/index.php?route=module/LargeCategory&amp;token=b9c783200b526a4d9586e32192257b93
MOD DETAILS:
   modFile   : /home/dmitry/st.whidofit.ru/vqmod/xml/all_in_one.xml
   id        : oc-modules-folder
   version   : 0.0.1alpha
   vqmver    : 2.1.5-opencart
   author    : @horechek
SEARCH NOT FOUND (ABORTING MOD): if (is_file(DIR_APPLICATION . 'controller/' . str_replace('../', '', $path) . '.php')) {

----------------------------------------------------------------------


---------- Date: 2013-02-06 18:26:04 ~ IP : 127.0.0.1 ----------
REQUEST URI : /admin/index.php?route=extension/module&amp;token=b9c783200b526a4d9586e32192257b93
MOD DETAILS:
   modFile   : /home/dmitry/st.whidofit.ru/vqmod/xml/all_in_one.xml
   id        : oc-modules-folder
   version   : 0.0.1alpha
   vqmver    : 2.1.5-opencart
   author    : @horechek
SEARCH NOT FOUND (ABORTING MOD): if (is_file(DIR_APPLICATION . 'controller/' . str_replace('../', '', $path) . '.php')) {

----------------------------------------------------------------------


---------- Date: 2013-02-06 18:26:06 ~ IP : 127.0.0.1 ----------
REQUEST URI : /index.php?route=product/product&amp;path=20&amp;product_id=28
MOD DETAILS:
   modFile   : /home/dmitry/st.whidofit.ru/vqmod/xml/all_in_one.xml
   id        : oc-modules-folder
   version   : 0.0.1alpha
   vqmver    : 2.1.5-opencart
   author    : @horechek
SEARCH NOT FOUND (ABORTING MOD): if (is_file(DIR_APPLICATION . 'controller/' . str_replace('../', '', $path) . '.php')) {

----------------------------------------------------------------------


---------- Date: 2013-02-06 18:26:17 ~ IP : 127.0.0.1 ----------
REQUEST URI : /index.php?route=product/category&amp;path=59
MOD DETAILS:
   modFile   : /home/dmitry/st.whidofit.ru/vqmod/xml/all_in_one.xml
   id        : oc-modules-folder
   version   : 0.0.1alpha
   vqmver    : 2.1.5-opencart
   author    : @horechek
SEARCH NOT FOUND (ABORTING MOD): if (is_file(DIR_APPLICATION . 'controller/' . str_replace('../', '', $path) . '.php')) {

----------------------------------------------------------------------


---------- Date: 2013-02-06 18:26:18 ~ IP : 127.0.0.1 ----------
REQUEST URI : /index.php?route=product/category&amp;path=20
MOD DETAILS:
   modFile   : /home/dmitry/st.whidofit.ru/vqmod/xml/all_in_one.xml
   id        : oc-modules-folder
   version   : 0.0.1alpha
   vqmver    : 2.1.5-opencart
   author    : @horechek
SEARCH NOT FOUND (ABORTING MOD): if (is_file(DIR_APPLICATION . 'controller/' . str_replace('../', '', $path) . '.php')) {

----------------------------------------------------------------------


---------- Date: 2013-02-06 18:26:20 ~ IP : 127.0.0.1 ----------
REQUEST URI : /index.php?route=product/category&amp;path=25
MOD DETAILS:
   modFile   : /home/dmitry/st.whidofit.ru/vqmod/xml/all_in_one.xml
   id        : oc-modules-folder
   version   : 0.0.1alpha
   vqmver    : 2.1.5-opencart
   author    : @horechek
SEARCH NOT FOUND (ABORTING MOD): if (is_file(DIR_APPLICATION . 'controller/' . str_replace('../', '', $path) . '.php')) {

----------------------------------------------------------------------


---------- Date: 2013-02-06 18:26:21 ~ IP : 127.0.0.1 ----------
REQUEST URI : /index.php?route=product/category&amp;path=57
MOD DETAILS:
   modFile   : /home/dmitry/st.whidofit.ru/vqmod/xml/all_in_one.xml
   id        : oc-modules-folder
   version   : 0.0.1alpha
   vqmver    : 2.1.5-opencart
   author    : @horechek
SEARCH NOT FOUND (ABORTING MOD): if (is_file(DIR_APPLICATION . 'controller/' . str_replace('../', '', $path) . '.php')) {

----------------------------------------------------------------------


---------- Date: 2013-02-06 18:26:36 ~ IP : 127.0.0.1 ----------
REQUEST URI : /index.php?route=product/search&amp;filter_name=jhjbkk
MOD DETAILS:
   modFile   : /home/dmitry/st.whidofit.ru/vqmod/xml/all_in_one.xml
   id        : oc-modules-folder
   version   : 0.0.1alpha
   vqmver    : 2.1.5-opencart
   author    : @horechek
SEARCH NOT FOUND (ABORTING MOD): if (is_file(DIR_APPLICATION . 'controller/' . str_replace('../', '', $path) . '.php')) {

----------------------------------------------------------------------


---------- Date: 2013-02-06 18:26:45 ~ IP : 127.0.0.1 ----------
REQUEST URI : /index.php?route=product/search&amp;filter_name=Apple
MOD DETAILS:
   modFile   : /home/dmitry/st.whidofit.ru/vqmod/xml/all_in_one.xml
   id        : oc-modules-folder
   version   : 0.0.1alpha
   vqmver    : 2.1.5-opencart
   author    : @horechek
SEARCH NOT FOUND (ABORTING MOD): if (is_file(DIR_APPLICATION . 'controller/' . str_replace('../', '', $path) . '.php')) {

----------------------------------------------------------------------


---------- Date: 2013-02-06 18:28:15 ~ IP : 127.0.0.1 ----------
REQUEST URI : /index.php?route=product/search&amp;filter_name=Apple
MOD DETAILS:
   modFile   : /home/dmitry/st.whidofit.ru/vqmod/xml/all_in_one.xml
   id        : oc-modules-folder
   version   : 0.0.1alpha
   vqmver    : 2.1.5-opencart
   author    : @horechek
SEARCH NOT FOUND (ABORTING MOD): if (is_file(DIR_APPLICATION . 'controller/' . str_replace('../', '', $path) . '.php')) {

----------------------------------------------------------------------


---------- Date: 2013-02-06 18:28:18 ~ IP : 127.0.0.1 ----------
REQUEST URI : /index.php?route=checkout/checkout
MOD DETAILS:
   modFile   : /home/dmitry/st.whidofit.ru/vqmod/xml/all_in_one.xml
   id        : oc-modules-folder
   version   : 0.0.1alpha
   vqmver    : 2.1.5-opencart
   author    : @horechek
SEARCH NOT FOUND (ABORTING MOD): if (is_file(DIR_APPLICATION . 'controller/' . str_replace('../', '', $path) . '.php')) {

----------------------------------------------------------------------


---------- Date: 2013-02-06 18:28:18 ~ IP : 127.0.0.1 ----------
REQUEST URI : /index.php?route=checkout/login
MOD DETAILS:
   modFile   : /home/dmitry/st.whidofit.ru/vqmod/xml/all_in_one.xml
   id        : oc-modules-folder
   version   : 0.0.1alpha
   vqmver    : 2.1.5-opencart
   author    : @horechek
SEARCH NOT FOUND (ABORTING MOD): if (is_file(DIR_APPLICATION . 'controller/' . str_replace('../', '', $path) . '.php')) {

----------------------------------------------------------------------


---------- Date: 2013-02-06 18:28:32 ~ IP : 127.0.0.1 ----------
REQUEST URI : /index.php?route=checkout/checkout
MOD DETAILS:
   modFile   : /home/dmitry/st.whidofit.ru/vqmod/xml/all_in_one.xml
   id        : oc-modules-folder
   version   : 0.0.1alpha
   vqmver    : 2.1.5-opencart
   author    : @horechek
SEARCH NOT FOUND (ABORTING MOD): if (is_file(DIR_APPLICATION . 'controller/' . str_replace('../', '', $path) . '.php')) {

----------------------------------------------------------------------


---------- Date: 2013-02-06 18:28:32 ~ IP : 127.0.0.1 ----------
REQUEST URI : /index.php?route=checkout/login
MOD DETAILS:
   modFile   : /home/dmitry/st.whidofit.ru/vqmod/xml/all_in_one.xml
   id        : oc-modules-folder
   version   : 0.0.1alpha
   vqmver    : 2.1.5-opencart
   author    : @horechek
SEARCH NOT FOUND (ABORTING MOD): if (is_file(DIR_APPLICATION . 'controller/' . str_replace('../', '', $path) . '.php')) {

----------------------------------------------------------------------


---------- Date: 2013-02-06 18:31:30 ~ IP : 127.0.0.1 ----------
REQUEST URI : /index.php?route=product/search&amp;filter_name=Apple
MOD DETAILS:
   modFile   : /home/dmitry/st.whidofit.ru/vqmod/xml/all_in_one.xml
   id        : oc-modules-folder
   version   : 0.0.1alpha
   vqmver    : 2.1.5-opencart
   author    : @horechek
SEARCH NOT FOUND (ABORTING MOD): if (is_file(DIR_APPLICATION . 'controller/' . str_replace('../', '', $path) . '.php')) {

----------------------------------------------------------------------


---------- Date: 2013-02-06 18:31:54 ~ IP : 127.0.0.1 ----------
REQUEST URI : /index.php?route=product/search&amp;filter_name=Apple
MOD DETAILS:
   modFile   : /home/dmitry/st.whidofit.ru/vqmod/xml/all_in_one.xml
   id        : oc-modules-folder
   version   : 0.0.1alpha
   vqmver    : 2.1.5-opencart
   author    : @horechek
SEARCH NOT FOUND (ABORTING MOD): if (is_file(DIR_APPLICATION . 'controller/' . str_replace('../', '', $path) . '.php')) {

----------------------------------------------------------------------


---------- Date: 2013-02-06 18:32:08 ~ IP : 127.0.0.1 ----------
REQUEST URI : /index.php?route=checkout/checkout
MOD DETAILS:
   modFile   : /home/dmitry/st.whidofit.ru/vqmod/xml/all_in_one.xml
   id        : oc-modules-folder
   version   : 0.0.1alpha
   vqmver    : 2.1.5-opencart
   author    : @horechek
SEARCH NOT FOUND (ABORTING MOD): if (is_file(DIR_APPLICATION . 'controller/' . str_replace('../', '', $path) . '.php')) {

----------------------------------------------------------------------


---------- Date: 2013-02-06 18:32:09 ~ IP : 127.0.0.1 ----------
REQUEST URI : /index.php?route=checkout/login
MOD DETAILS:
   modFile   : /home/dmitry/st.whidofit.ru/vqmod/xml/all_in_one.xml
   id        : oc-modules-folder
   version   : 0.0.1alpha
   vqmver    : 2.1.5-opencart
   author    : @horechek
SEARCH NOT FOUND (ABORTING MOD): if (is_file(DIR_APPLICATION . 'controller/' . str_replace('../', '', $path) . '.php')) {

----------------------------------------------------------------------


